<?xml version="1.0" encoding="UTF-8"?>
<testsuite xmlns:xsi="http://www.w3.org/2001/XMLSchema-instance" xsi:noNamespaceSchemaLocation="https://maven.apache.org/surefire/maven-surefire-plugin/xsd/surefire-test-report-3.0.xsd" version="3.0" name="StepDefinition.Runner" time="18.786" tests="1" errors="0" skipped="0" failures="0">
  <properties>
[...]
</properties>
  <testcase name="Login of BpTravel" classname="Testing BP Travel Login Page" time="15.296">
    <system-out><![CDATA[
Scenario: Login of BpTravel          &amp#27;[90m# src/test/resources/Features/BpTravelLogin.feature:4&amp#27;[0m
chrome
https://bptravel.blueprism.com/
chrome
https://bptravel.blueprism.com/
  &amp#27;[32mGiven &amp#27;[0m&amp#27;[32mUser need to Login to Bp Url&amp#27;[0m &amp#27;[90m# StepDefinition.LoginPageTest.user_need_to_login_to_bp_url()&amp#27;[0m
  &amp#27;[32mWhen &amp#27;[0m&amp#27;[32mEnter UserName&amp#27;[0m                &amp#27;[90m# StepDefinition.LoginPageTest.enter_user_name()&amp#27;[0m
  &amp#27;[32mAnd &amp#27;[0m&amp#27;[32mEnter Password&amp#27;[0m                 &amp#27;[90m# StepDefinition.LoginPageTest.enter_password()&amp#27;[0m
  &amp#27;[32mThen &amp#27;[0m&amp#27;[32mClick Login&amp#27;[0m                   &amp#27;[90m# StepDefinition.LoginPageTest.click_login()&amp#27;[0m
  &amp#27;[32mAnd &amp#27;[0m&amp#27;[32mClick CreateLnk&amp#27;[0m                &amp#27;[90m# StepDefinition.LoginPageTest.click_create_lnk()&amp#27;[0m
  &amp#27;[32mThen &amp#27;[0m&amp#27;[32mSelect From Country&amp#27;[0m           &amp#27;[90m# StepDefinition.LoginPageTest.select_from_country()&amp#27;[0m
  &amp#27;[32mAnd &amp#27;[0m&amp#27;[32mSelect State State&amp#27;[0m             &amp#27;[90m# StepDefinition.LoginPageTest.select_state_state()&amp#27;[0m
  &amp#27;[32mThen &amp#27;[0m&amp#27;[32mEnter Departing Date&amp#27;[0m          &amp#27;[90m# StepDefinition.LoginPageTest.enter_departing_date()&amp#27;[0m
  &amp#27;[32mThen &amp#27;[0m&amp#27;[32mSelect Oneway checkbox&amp#27;[0m        &amp#27;[90m# StepDefinition.LoginPageTest.select_oneway_checkbox()&amp#27;[0m
  &amp#27;[32mAnd &amp#27;[0m&amp#27;[32mSelect no of Adults Dropdown&amp#27;[0m   &amp#27;[90m# StepDefinition.LoginPageTest.select_no_of_adults_dropdown()&amp#27;[0m
  &amp#27;[32mAnd &amp#27;[0m&amp#27;[32mSelect no of Children Dropdown&amp#27;[0m &amp#27;[90m# StepDefinition.LoginPageTest.select_no_of_children_dropdown()&amp#27;[0m
  &amp#27;[32mAnd &amp#27;[0m&amp#27;[32mEnter Name&amp#27;[0m                     &amp#27;[90m# StepDefinition.LoginPageTest.enter_name()&amp#27;[0m
  &amp#27;[32mAnd &amp#27;[0m&amp#27;[32mEnter Postcode&amp#27;[0m                 &amp#27;[90m# StepDefinition.LoginPageTest.enter_postcode()&amp#27;[0m
  &amp#27;[32mAnd &amp#27;[0m&amp#27;[32mEnter Telephone&amp#27;[0m                &amp#27;[90m# StepDefinition.LoginPageTest.enter_telephone()&amp#27;[0m
  &amp#27;[32mAnd &amp#27;[0m&amp#27;[32mEnter Email&amp#27;[0m                    &amp#27;[90m# StepDefinition.LoginPageTest.enter_email()&amp#27;[0m
  &amp#27;[32mThen &amp#27;[0m&amp#27;[32mClick Create quote button&amp#27;[0m     &amp#27;[90m# StepDefinition.LoginPageTest.click_create_quote_button()&amp#27;[0m
]]></system-out>
    <system-err><![CDATA[Apr 02, 2024 2:46:00 PM org.openqa.selenium.devtools.CdpVersionFinder findNearestMatch
WARNING: Unable to find an exact match for CDP version 123, returning the closest version; found: 119; Please update to a Selenium version that supports CDP version 123
]]></system-err>
  </testcase>
</testsuite>